2024-06-27 17:59:10,896 - TrackingTest -INFO - initialization of the properties file is done
2024-06-27 17:59:12,758 - TrackingTest -INFO - RunConf==local
2024-06-27 17:59:20,514 - TrackingTest -INFO - Env==Prod
2024-06-27 17:59:22,543 - TrackingTest -INFO - https://www.mnx.com/
2024-06-27 17:59:58,346 - TrackingTest -INFO - org.openqa.selenium.TimeoutException: Expected condition failed: waiting for visibility of [[ChromeDriver: chrome on windows (bf25d54ec89e2567f7912e64c3df403a)] -> xpath: //*[@class="cky-btn cky-btn-accept"]] (tried for 20 second(s) with 500 milliseconds interval)
Build info: version: '4.11.0', revision: '040bc5406b'
System info: os.name: 'Windows 10', os.arch: 'amd64', os.version: '10.0', java.version: '20'
Driver info: org.openqa.selenium.chrome.ChromeDriver
Capabilities {acceptInsecureCerts: false, browserName: chrome, browserVersion: 126.0.6478.127, chrome: {chromedriverVersion: 126.0.6478.126 (d36ace6122e..., userDataDir: C:\Users\rprajapati\AppData...}, fedcm:accounts: true, goog:chromeOptions: {debuggerAddress: localhost:50017}, networkConnectionEnabled: false, pageLoadStrategy: normal, platformName: windows, proxy: Proxy(), se:cdp: ws://localhost:50017/devtoo..., se:cdpVersion: 126.0.6478.127, setWindowRect: true, strictFileInteractability: false, timeouts: {implicit: 0, pageLoad: 300000, script: 30000}, unhandledPromptBehavior: dismiss and notify, webauthn:extension:credBlob: true, webauthn:extension:largeBlob: true, webauthn:extension:minPinLength: true, webauthn:extension:prf: true, webauthn:virtualAuthenticators: true}
Session ID: bf25d54ec89e2567f7912e64c3df403a
2024-06-27 18:00:00,720 - TrackingTest -INFO - Click on Track button
2024-06-27 18:00:02,816 - TrackingTest -INFO - Entered PickupID
2024-06-27 18:00:28,261 - TrackingTest -INFO - org.openqa.selenium.TimeoutException: Expected condition failed: waiting for visibility of element located by By.id: Print (tried for 20 second(s) with 500 milliseconds interval)
2024-06-27 18:00:31,215 - TrackingTest -INFO - Connect Tracking PASS #15645942
2024-06-27 18:00:33,506 - TrackingTest -INFO - Click on Track button
2024-06-27 18:00:34,237 - TrackingTest -INFO - Entered PickupID
2024-06-27 18:00:59,798 - TrackingTest -INFO - org.openqa.selenium.TimeoutException: Expected condition failed: waiting for visibility of element located by By.id: Print (tried for 20 second(s) with 500 milliseconds interval)
2024-06-27 18:01:02,525 - TrackingTest -INFO - MXTMS Tracking PASS #11216841
2024-06-27 18:01:02,526 - TrackingTest -INFO - Env for execute script is : Prod
2024-06-27 18:01:09,442 - TrackingTest -INFO - Entered UserName
2024-06-27 18:01:10,856 - TrackingTest -INFO - Entered Password
2024-06-27 18:01:12,000 - TrackingTest -INFO - Login done
2024-06-27 18:01:24,893 - TrackingTest -INFO - Start process for job cancel
2024-06-27 18:01:37,508 - TrackingTest -INFO - Clicked on Operations
2024-06-27 18:01:37,781 - TrackingTest -INFO - Clicked on TaskLog
2024-06-27 18:01:43,342 - TrackingTest -INFO - PickUpID=15645942

2024-06-27 18:01:51,900 - TrackingTest -INFO - Click on Edit Order Tab
2024-06-27 18:02:02,778 - TrackingTest -INFO - Select job type : CANCEL/NC
2024-06-27 18:02:10,287 - TrackingTest -INFO - Clicked on Save Changes button
2024-06-27 18:02:12,745 - TrackingTest -INFO - Clicked on ok for cancel job confirmation
2024-06-27 18:02:13,044 - TrackingTest -INFO - Entering Cancellation description
2024-06-27 18:02:14,942 - TrackingTest -INFO - Click on Ok for Final Job cancel Confirmation
2024-06-27 18:02:21,238 - TrackingTest -INFO - no addidtional popup up is display
2024-06-27 18:02:21,603 - TrackingTest -INFO - Clicked on Operations
2024-06-27 18:02:21,801 - TrackingTest -INFO - Clicked on TaskLog
2024-06-27 18:02:24,386 - TrackingTest -INFO - Clicked on SearchAllJobs
2024-06-27 18:02:29,911 - TrackingTest -INFO - Clicked on Reset button
2024-06-27 18:02:30,163 - TrackingTest -INFO - 06/27/2024
2024-06-27 18:02:30,379 - TrackingTest -INFO - Entered Origin From Date
2024-06-27 18:02:30,491 - TrackingTest -INFO - 06/27/2024
2024-06-27 18:02:30,710 - TrackingTest -INFO - Entered Origin From Date
2024-06-27 18:02:30,968 - TrackingTest -INFO - Entered PickupID : 15645942
2024-06-27 18:02:31,122 - TrackingTest -INFO - Click on Search button
2024-06-27 18:02:32,405 - TrackingTest -INFO - Clicked on Record
2024-06-27 18:02:39,013 - TrackingTest -INFO - Fetched Job status is : CANCEL
2024-06-27 18:02:41,010 - TrackingTest -INFO - job is cancelled
2024-06-27 18:02:41,011 - TrackingTest -INFO - job cancel process == PASS
2024-06-27 18:02:41,083 - TrackingTest -INFO - Stage=CANCEL
2024-06-27 18:02:41,084 - TrackingTest -INFO - Job Cancellation Process == pass
2024-06-27 18:02:45,534 - TrackingTest -INFO - Logout Message is displayed==You have successfully logged out!
2024-06-27 18:02:45,535 - TrackingTest -INFO - Logout done
2024-06-27 18:02:45,654 - TrackingTest -INFO - Env==Prod
2024-06-27 18:02:47,590 - TrackingTest -INFO - https://mxtms.mnx.com/
2024-06-27 18:03:02,568 - TrackingTest -INFO - Click on Sign In with MNX
2024-06-27 18:03:02,569 - TrackingTest -INFO - Login done
2024-06-27 18:03:07,942 - TrackingTest -INFO - Operation Log is not Opened
2024-06-27 18:03:08,235 - TrackingTest -INFO - Click on Operations Tab
2024-06-27 18:03:40,076 - TrackingTest -INFO - Click on OPerations Log
2024-06-27 18:03:40,516 - TrackingTest -INFO - OrderID=11216841

2024-06-27 18:03:54,113 - TrackingTest -INFO - Job is displayed in edit job
2024-06-27 18:04:02,027 - TrackingTest -INFO - Select Order as a CANCELLED
2024-06-27 18:04:04,834 - TrackingTest -INFO - Enter Cancel Note
2024-06-27 18:04:05,246 - TrackingTest -INFO - Click on Save button
2024-06-27 18:04:10,533 - TrackingTest -INFO - Message==(CANCELLED)
2024-06-27 18:04:10,534 - TrackingTest -INFO - Order Cancelled
2024-06-27 18:04:18,854 - TrackingTest -INFO - Click on Save button
2024-06-27 18:04:32,122 - TrackingTest -INFO - Logout done
2024-06-27 18:04:38,259 - TrackingTest -INFO - ====Sending Email=====
