2024-06-27 17:59:10,896 [main] INFO TrackingTest - initialization of the properties file is done
2024-06-27 17:59:12,758 [main] INFO TrackingTest - RunConf==local
2024-06-27 17:59:20,514 [main] INFO TrackingTest - Env==Prod
2024-06-27 17:59:22,543 [main] INFO TrackingTest - https://www.mnx.com/
2024-06-27 17:59:58,346 [main] INFO TrackingTest - org.openqa.selenium.TimeoutException: Expected condition failed: waiting for visibility of [[ChromeDriver: chrome on windows (bf25d54ec89e2567f7912e64c3df403a)] -> xpath: //*[@class="cky-btn cky-btn-accept"]] (tried for 20 second(s) with 500 milliseconds interval)
Build info: version: '4.11.0', revision: '040bc5406b'
System info: os.name: 'Windows 10', os.arch: 'amd64', os.version: '10.0', java.version: '20'
Driver info: org.openqa.selenium.chrome.ChromeDriver
Capabilities {acceptInsecureCerts: false, browserName: chrome, browserVersion: 126.0.6478.127, chrome: {chromedriverVersion: 126.0.6478.126 (d36ace6122e..., userDataDir: C:\Users\rprajapati\AppData...}, fedcm:accounts: true, goog:chromeOptions: {debuggerAddress: localhost:50017}, networkConnectionEnabled: false, pageLoadStrategy: normal, platformName: windows, proxy: Proxy(), se:cdp: ws://localhost:50017/devtoo..., se:cdpVersion: 126.0.6478.127, setWindowRect: true, strictFileInteractability: false, timeouts: {implicit: 0, pageLoad: 300000, script: 30000}, unhandledPromptBehavior: dismiss and notify, webauthn:extension:credBlob: true, webauthn:extension:largeBlob: true, webauthn:extension:minPinLength: true, webauthn:extension:prf: true, webauthn:virtualAuthenticators: true}
Session ID: bf25d54ec89e2567f7912e64c3df403a
2024-06-27 18:00:00,720 [main] INFO TrackingTest - Click on Track button
2024-06-27 18:00:02,816 [main] INFO TrackingTest - Entered PickupID
2024-06-27 18:00:28,261 [main] INFO TrackingTest - org.openqa.selenium.TimeoutException: Expected condition failed: waiting for visibility of element located by By.id: Print (tried for 20 second(s) with 500 milliseconds interval)
2024-06-27 18:00:31,215 [main] INFO TrackingTest - Connect Tracking PASS #15645942
2024-06-27 18:00:33,506 [main] INFO TrackingTest - Click on Track button
2024-06-27 18:00:34,237 [main] INFO TrackingTest - Entered PickupID
2024-06-27 18:00:59,798 [main] INFO TrackingTest - org.openqa.selenium.TimeoutException: Expected condition failed: waiting for visibility of element located by By.id: Print (tried for 20 second(s) with 500 milliseconds interval)
2024-06-27 18:01:02,525 [main] INFO TrackingTest - MXTMS Tracking PASS #11216841
2024-06-27 18:01:02,526 [main] INFO TrackingTest - Env for execute script is : Prod
2024-06-27 18:01:09,442 [main] INFO TrackingTest - Entered UserName
2024-06-27 18:01:10,856 [main] INFO TrackingTest - Entered Password
2024-06-27 18:01:12,000 [main] INFO TrackingTest - Login done
2024-06-27 18:01:24,893 [main] INFO TrackingTest - Start process for job cancel
2024-06-27 18:01:37,508 [main] INFO TrackingTest - Clicked on Operations
2024-06-27 18:01:37,781 [main] INFO TrackingTest - Clicked on TaskLog
2024-06-27 18:01:43,342 [main] INFO TrackingTest - PickUpID=15645942

2024-06-27 18:01:51,900 [main] INFO TrackingTest - Click on Edit Order Tab
2024-06-27 18:02:02,778 [main] INFO TrackingTest - Select job type : CANCEL/NC
2024-06-27 18:02:10,287 [main] INFO TrackingTest - Clicked on Save Changes button
2024-06-27 18:02:12,745 [main] INFO TrackingTest - Clicked on ok for cancel job confirmation
2024-06-27 18:02:13,044 [main] INFO TrackingTest - Entering Cancellation description
2024-06-27 18:02:14,942 [main] INFO TrackingTest - Click on Ok for Final Job cancel Confirmation
2024-06-27 18:02:21,238 [main] INFO TrackingTest - no addidtional popup up is display
2024-06-27 18:02:21,603 [main] INFO TrackingTest - Clicked on Operations
2024-06-27 18:02:21,801 [main] INFO TrackingTest - Clicked on TaskLog
2024-06-27 18:02:24,386 [main] INFO TrackingTest - Clicked on SearchAllJobs
2024-06-27 18:02:29,911 [main] INFO TrackingTest - Clicked on Reset button
2024-06-27 18:02:30,163 [main] INFO TrackingTest - 06/27/2024
2024-06-27 18:02:30,379 [main] INFO TrackingTest - Entered Origin From Date
2024-06-27 18:02:30,491 [main] INFO TrackingTest - 06/27/2024
2024-06-27 18:02:30,710 [main] INFO TrackingTest - Entered Origin From Date
2024-06-27 18:02:30,968 [main] INFO TrackingTest - Entered PickupID : 15645942
2024-06-27 18:02:31,122 [main] INFO TrackingTest - Click on Search button
2024-06-27 18:02:32,405 [main] INFO TrackingTest - Clicked on Record
2024-06-27 18:02:39,013 [main] INFO TrackingTest - Fetched Job status is : CANCEL
2024-06-27 18:02:41,010 [main] INFO TrackingTest - job is cancelled
2024-06-27 18:02:41,011 [main] INFO TrackingTest - job cancel process == PASS
2024-06-27 18:02:41,083 [main] INFO TrackingTest - Stage=CANCEL
2024-06-27 18:02:41,084 [main] INFO TrackingTest - Job Cancellation Process == pass
2024-06-27 18:02:45,534 [main] INFO TrackingTest - Logout Message is displayed==You have successfully logged out!
2024-06-27 18:02:45,535 [main] INFO TrackingTest - Logout done
2024-06-27 18:02:45,654 [main] INFO TrackingTest - Env==Prod
2024-06-27 18:02:47,590 [main] INFO TrackingTest - https://mxtms.mnx.com/
2024-06-27 18:03:02,568 [main] INFO TrackingTest - Click on Sign In with MNX
2024-06-27 18:03:02,569 [main] INFO TrackingTest - Login done
2024-06-27 18:03:07,942 [main] INFO TrackingTest - Operation Log is not Opened
2024-06-27 18:03:08,235 [main] INFO TrackingTest - Click on Operations Tab
2024-06-27 18:03:40,076 [main] INFO TrackingTest - Click on OPerations Log
2024-06-27 18:03:40,516 [main] INFO TrackingTest - OrderID=11216841

2024-06-27 18:03:54,113 [main] INFO TrackingTest - Job is displayed in edit job
2024-06-27 18:04:02,027 [main] INFO TrackingTest - Select Order as a CANCELLED
2024-06-27 18:04:04,834 [main] INFO TrackingTest - Enter Cancel Note
2024-06-27 18:04:05,246 [main] INFO TrackingTest - Click on Save button
2024-06-27 18:04:10,533 [main] INFO TrackingTest - Message==(CANCELLED)
2024-06-27 18:04:10,534 [main] INFO TrackingTest - Order Cancelled
2024-06-27 18:04:18,854 [main] INFO TrackingTest - Click on Save button
2024-06-27 18:04:32,122 [main] INFO TrackingTest - Logout done
2024-06-27 18:04:38,259 [main] INFO TrackingTest - ====Sending Email=====
