2024-06-12 09:39:47,744 [main] INFO TrackingTest - initialization of the properties file is done
2024-06-12 09:39:52,688 [main] INFO TrackingTest - Env for execute script is : Prod
2024-06-12 09:39:59,297 [main] INFO TrackingTest - Entered UserName
2024-06-12 09:40:00,647 [main] INFO TrackingTest - Entered Password
2024-06-12 09:40:02,756 [main] INFO TrackingTest - Login done
2024-06-12 09:40:19,700 [main] INFO TrackingTest - Click on Operation
2024-06-12 09:40:24,599 [main] INFO TrackingTest - Click on Tasklog
2024-06-12 09:40:24,798 [main] INFO TrackingTest - Click on New Order
2024-06-12 09:40:40,515 [main] INFO TrackingTest - =====Service:- LOC=====
2024-06-12 09:40:41,502 [main] INFO TrackingTest - Entered CallerName
2024-06-12 09:40:42,541 [main] INFO TrackingTest - Entered Contact/Phone
2024-06-12 09:40:43,299 [main] INFO TrackingTest - Entered Customer Code : 950655
2024-06-12 09:40:47,480 [main] INFO TrackingTest - Dialogue is not displayed for Customer
2024-06-12 09:40:50,399 [main] INFO TrackingTest - Entered PU Zip
2024-06-12 09:40:50,651 [main] INFO TrackingTest - Click on PU Address
2024-06-12 09:40:51,311 [main] INFO TrackingTest - Entered PU Company
2024-06-12 09:40:51,865 [main] INFO TrackingTest - Entered PU AddressLine1
2024-06-12 09:40:52,455 [main] INFO TrackingTest - Entered PU Attention
2024-06-12 09:40:52,979 [main] INFO TrackingTest - Entered PU Phone
2024-06-12 09:41:03,294 [main] ERROR TrackingTest - org.openqa.selenium.TimeoutException: Expected condition failed: waiting for element to no longer be visible: By.xpath: //input[contains(@class,'ng-invalid ng-invalid-required')] (tried for 10 second(s) with 500 milliseconds interval)
Build info: version: '4.11.0', revision: '040bc5406b'
System info: os.name: 'Windows 10', os.arch: 'amd64', os.version: '10.0', java.version: '20'
Driver info: org.openqa.selenium.chrome.ChromeDriver
Capabilities {acceptInsecureCerts: false, browserName: chrome, browserVersion: 125.0.6422.142, chrome: {chromedriverVersion: 125.0.6422.141 (4b1e8393712..., userDataDir: C:\Users\RPRAJA~1\AppData\L...}, fedcm:accounts: true, goog:chromeOptions: {debuggerAddress: localhost:55452}, networkConnectionEnabled: false, pageLoadStrategy: normal, platformName: windows, proxy: Proxy(), se:cdp: ws://localhost:55452/devtoo..., se:cdpVersion: 125.0.6422.142, setWindowRect: true, strictFileInteractability: false, timeouts: {implicit: 0, pageLoad: 300000, script: 30000}, unhandledPromptBehavior: dismiss and notify, webauthn:extension:credBlob: true, webauthn:extension:largeBlob: true, webauthn:extension:minPinLength: true, webauthn:extension:prf: true, webauthn:virtualAuthenticators: true}
Session ID: 48729cee6421b49cc0e8f97b04dbe001
2024-06-12 09:41:03,298 [main] INFO TrackingTest - PU Ready time is exist
2024-06-12 09:41:03,374 [main] INFO TrackingTest - PU Mileage==14
2024-06-12 09:41:04,448 [main] INFO TrackingTest - Entered DL Zip
2024-06-12 09:41:09,647 [main] INFO TrackingTest - Entered DL Address
2024-06-12 09:41:10,140 [main] INFO TrackingTest - Entered DL Company
2024-06-12 09:41:10,693 [main] INFO TrackingTest - Entered DL Address Line1
2024-06-12 09:41:11,259 [main] INFO TrackingTest - Entered DL Attention
2024-06-12 09:41:11,937 [main] INFO TrackingTest - Entered DL Phone
2024-06-12 09:41:12,049 [main] INFO TrackingTest - DL Miles==19
2024-06-12 09:41:15,284 [main] INFO TrackingTest - Entered Total Qty
2024-06-12 09:41:15,722 [main] INFO TrackingTest - Entered Weight
2024-06-12 09:41:16,375 [main] INFO TrackingTest - Entered Length
2024-06-12 09:41:16,931 [main] INFO TrackingTest - Entered Width
2024-06-12 09:41:17,517 [main] INFO TrackingTest - Entered Height
2024-06-12 09:41:18,115 [main] INFO TrackingTest - comodity dropdown is selected
2024-06-12 09:41:20,980 [main] INFO TrackingTest - Entered Commodity
2024-06-12 09:41:23,346 [main] INFO TrackingTest - Total Mileage==4
2024-06-12 09:41:34,177 [main] INFO TrackingTest - Click on Create Order button
2024-06-12 09:41:36,587 [main] INFO TrackingTest - Validation message=Please add atleast one Package.
2024-06-12 09:41:39,416 [main] INFO TrackingTest - Entered Total Qty
2024-06-12 09:41:39,778 [main] INFO TrackingTest - Entered Weight
2024-06-12 09:41:40,211 [main] INFO TrackingTest - Entered Length
2024-06-12 09:41:40,559 [main] INFO TrackingTest - Entered Width
2024-06-12 09:41:41,193 [main] INFO TrackingTest - Entered Height
2024-06-12 09:41:41,437 [main] INFO TrackingTest - comodity dropdown is selected
2024-06-12 09:41:49,095 [main] INFO TrackingTest - Entered Commodity
2024-06-12 09:41:56,673 [main] INFO TrackingTest - Click on Create Order button
2024-06-12 09:42:00,637 [main] INFO TrackingTest - =====Pickup =15594943=====

2024-06-12 09:42:01,102 [main] INFO TrackingTest - Clicked on Edit Order
2024-06-12 09:42:15,863 [main] INFO TrackingTest - Logout Message is displayed==You have successfully logged out!
2024-06-12 09:42:15,864 [main] INFO TrackingTest - Logout done
2024-06-12 09:42:16,204 [main] INFO TrackingTest - Env==Prod
2024-06-12 09:42:19,656 [main] INFO TrackingTest - https://mxtms.mnx.com/
2024-06-12 09:42:22,947 [main] INFO TrackingTest - Entered UserName
2024-06-12 09:42:24,150 [main] INFO TrackingTest - Entered Password
2024-06-12 09:42:28,055 [main] INFO TrackingTest - Login done
2024-06-12 09:42:28,195 [main] INFO TrackingTest - =====Service:- EGD=====
2024-06-12 09:42:28,499 [main] INFO TrackingTest - Click on Operations Tab
2024-06-12 09:42:36,397 [main] INFO TrackingTest - Click on Create Order
2024-06-12 09:42:36,739 [main] INFO TrackingTest - Enter Account Number
2024-06-12 09:42:40,568 [main] INFO TrackingTest - Enter Shipper
2024-06-12 09:42:45,694 [main] INFO TrackingTest - Pickup Zipcode=21225
2024-06-12 09:42:48,308 [main] INFO TrackingTest - Enter PickupZip
2024-06-12 09:43:03,551 [main] INFO TrackingTest - org.openqa.selenium.NoAlertPresentException: no such alert
  (Session info: chrome=125.0.6422.142)
Build info: version: '4.11.0', revision: '040bc5406b'
System info: os.name: 'Windows 10', os.arch: 'amd64', os.version: '10.0', java.version: '20'
Driver info: org.openqa.selenium.chrome.ChromeDriver
Command: [48729cee6421b49cc0e8f97b04dbe001, getAlertText {}]
Capabilities {acceptInsecureCerts: false, browserName: chrome, browserVersion: 125.0.6422.142, chrome: {chromedriverVersion: 125.0.6422.141 (4b1e8393712..., userDataDir: C:\Users\RPRAJA~1\AppData\L...}, fedcm:accounts: true, goog:chromeOptions: {debuggerAddress: localhost:55452}, networkConnectionEnabled: false, pageLoadStrategy: normal, platformName: windows, proxy: Proxy(), se:cdp: ws://localhost:55452/devtoo..., se:cdpVersion: 125.0.6422.142, setWindowRect: true, strictFileInteractability: false, timeouts: {implicit: 0, pageLoad: 300000, script: 30000}, unhandledPromptBehavior: dismiss and notify, webauthn:extension:credBlob: true, webauthn:extension:largeBlob: true, webauthn:extension:minPinLength: true, webauthn:extension:prf: true, webauthn:virtualAuthenticators: true}
Session ID: 48729cee6421b49cc0e8f97b04dbe001
2024-06-12 09:43:03,552 [main] INFO TrackingTest - Alert:-Would you like to override the curent pickup instructions with: AC PU,ADD LEV PU not displayed
2024-06-12 09:43:03,618 [main] INFO TrackingTest - Pickup timezone==USA-ET
2024-06-12 09:43:03,619 [main] INFO TrackingTest - Pickup timezone==ET
2024-06-12 09:43:03,619 [main] INFO TrackingTest - ZoneID of is==ET
2024-06-12 09:43:03,620 [main] INFO TrackingTest - 00:13
2024-06-12 09:43:03,620 [main] INFO TrackingTest - PU Time==00:13
2024-06-12 09:43:05,760 [main] INFO TrackingTest - ZoneID of is==ET
2024-06-12 09:43:05,761 [main] INFO TrackingTest - 00:13
2024-06-12 09:43:06,001 [main] INFO TrackingTest - Enter Ready PU Time
2024-06-12 09:43:11,548 [main] INFO TrackingTest - Enter DelZip
2024-06-12 09:43:23,182 [main] INFO TrackingTest - org.openqa.selenium.NoAlertPresentException: no such alert
  (Session info: chrome=125.0.6422.142)
Build info: version: '4.11.0', revision: '040bc5406b'
System info: os.name: 'Windows 10', os.arch: 'amd64', os.version: '10.0', java.version: '20'
Driver info: org.openqa.selenium.chrome.ChromeDriver
Command: [48729cee6421b49cc0e8f97b04dbe001, getAlertText {}]
Capabilities {acceptInsecureCerts: false, browserName: chrome, browserVersion: 125.0.6422.142, chrome: {chromedriverVersion: 125.0.6422.141 (4b1e8393712..., userDataDir: C:\Users\RPRAJA~1\AppData\L...}, fedcm:accounts: true, goog:chromeOptions: {debuggerAddress: localhost:55452}, networkConnectionEnabled: false, pageLoadStrategy: normal, platformName: windows, proxy: Proxy(), se:cdp: ws://localhost:55452/devtoo..., se:cdpVersion: 125.0.6422.142, setWindowRect: true, strictFileInteractability: false, timeouts: {implicit: 0, pageLoad: 300000, script: 30000}, unhandledPromptBehavior: dismiss and notify, webauthn:extension:credBlob: true, webauthn:extension:largeBlob: true, webauthn:extension:minPinLength: true, webauthn:extension:prf: true, webauthn:virtualAuthenticators: true}
Session ID: 48729cee6421b49cc0e8f97b04dbe001
2024-06-12 09:43:23,183 [main] INFO TrackingTest - Alert:-Would you like to override the curent pickup instructions with: AC PU,ADD LEV PU not displayed
2024-06-12 09:43:30,007 [main] INFO TrackingTest - Enter Service
2024-06-12 09:43:36,390 [main] INFO TrackingTest - Enter PCs
2024-06-12 09:43:38,714 [main] INFO TrackingTest - Enter Weight
2024-06-12 09:43:38,963 [main] INFO TrackingTest - Click on Pack
2024-06-12 09:43:53,216 [main] INFO TrackingTest - Select Pack
2024-06-12 09:44:09,744 [main] INFO TrackingTest - Enter Commodity
2024-06-12 09:44:14,246 [main] INFO TrackingTest - Enter Content
2024-06-12 09:44:14,543 [main] INFO TrackingTest - Click on QDT icon
2024-06-12 09:44:22,210 [main] INFO TrackingTest - Click on OK button of QDT popup
2024-06-12 09:44:27,261 [main] INFO TrackingTest - QD Time=02:30
2024-06-12 09:44:27,306 [main] INFO TrackingTest - QD Date=6/12/2024
2024-06-12 09:44:27,349 [main] INFO TrackingTest - QD Time=02:30
2024-06-12 09:44:27,393 [main] INFO TrackingTest - QD Date=6/12/2024
2024-06-12 09:44:27,564 [main] INFO TrackingTest - QDT calculation working=PASS
2024-06-12 09:44:27,957 [main] INFO TrackingTest - Click on Save button
2024-06-12 09:44:37,524 [main] INFO TrackingTest - Enter Source
2024-06-12 09:44:38,310 [main] INFO TrackingTest - Click on Save button
2024-06-12 09:44:48,353 [main] INFO TrackingTest - Message==Save was successful.
2024-06-12 09:44:48,712 [main] INFO TrackingTest - Order==ORDER #11190950
2024-06-12 09:44:48,712 [main] INFO TrackingTest - OrderID==11190950
2024-06-12 09:44:48,972 [main] INFO TrackingTest - Order==7392332
2024-06-12 09:44:56,506 [main] INFO TrackingTest - Logout done
2024-06-12 09:45:01,518 [main] INFO TrackingTest - Env==Prod
2024-06-12 09:45:07,340 [main] INFO TrackingTest - https://www.mnx.com/
2024-06-12 09:45:22,793 [main] INFO TrackingTest - Click on Accept All
2024-06-12 09:45:25,075 [main] INFO TrackingTest - Click on Track button
2024-06-12 09:45:25,630 [main] INFO TrackingTest - Entered PickupID
2024-06-12 09:45:38,965 [main] INFO TrackingTest - Click on Track button
2024-06-12 09:45:39,353 [main] INFO TrackingTest - Entered PickupID
2024-06-12 09:45:48,945 [main] INFO TrackingTest - Env for execute script is : Prod
2024-06-12 09:45:54,654 [main] INFO TrackingTest - Entered UserName
2024-06-12 09:45:55,874 [main] INFO TrackingTest - Entered Password
2024-06-12 09:45:57,034 [main] INFO TrackingTest - Login done
2024-06-12 09:46:05,419 [main] INFO TrackingTest - Start process for job cancel
2024-06-12 09:46:17,583 [main] INFO TrackingTest - Clicked on Operations
2024-06-12 09:46:17,846 [main] INFO TrackingTest - Clicked on TaskLog
2024-06-12 09:46:21,475 [main] INFO TrackingTest - PickUpID=15594943

2024-06-12 09:46:29,372 [main] INFO TrackingTest - Click on Edit Order Tab
2024-06-12 09:46:39,937 [main] INFO TrackingTest - Select job type : CANCEL/NC
2024-06-12 09:46:47,450 [main] INFO TrackingTest - Clicked on Save Changes button
2024-06-12 09:46:49,630 [main] INFO TrackingTest - Clicked on ok for cancel job confirmation
2024-06-12 09:46:49,917 [main] INFO TrackingTest - Entering Cancellation description
2024-06-12 09:46:51,754 [main] INFO TrackingTest - Click on Ok for Final Job cancel Confirmation
2024-06-12 09:46:58,301 [main] INFO TrackingTest - no addidtional popup up is display
2024-06-12 09:46:58,649 [main] INFO TrackingTest - Clicked on Operations
2024-06-12 09:46:58,859 [main] INFO TrackingTest - Clicked on TaskLog
2024-06-12 09:47:01,316 [main] INFO TrackingTest - Clicked on SearchAllJobs
2024-06-12 09:47:05,784 [main] INFO TrackingTest - Clicked on Reset button
2024-06-12 09:47:06,000 [main] INFO TrackingTest - 06/12/2024
2024-06-12 09:47:06,227 [main] INFO TrackingTest - Entered Origin From Date
2024-06-12 09:47:06,365 [main] INFO TrackingTest - 06/12/2024
2024-06-12 09:47:06,591 [main] INFO TrackingTest - Entered Origin From Date
2024-06-12 09:47:06,787 [main] INFO TrackingTest - Entered RouteTrackingID : 15594943
2024-06-12 09:47:06,963 [main] INFO TrackingTest - Click on Search button
2024-06-12 09:47:08,359 [main] INFO TrackingTest - Clicked on Record
2024-06-12 09:47:15,909 [main] INFO TrackingTest - Fetched Job status is : CANCEL
2024-06-12 09:47:17,883 [main] INFO TrackingTest - job is cancelled
2024-06-12 09:47:17,883 [main] INFO TrackingTest - job cancel process == PASS
2024-06-12 09:47:17,947 [main] INFO TrackingTest - Stage=CANCEL
2024-06-12 09:47:17,947 [main] INFO TrackingTest - Job Cancellation Process == pass
2024-06-12 09:47:22,264 [main] INFO TrackingTest - Logout Message is displayed==You have successfully logged out!
2024-06-12 09:47:22,265 [main] INFO TrackingTest - Logout done
2024-06-12 09:47:22,385 [main] INFO TrackingTest - Env==Prod
2024-06-12 09:47:24,151 [main] INFO TrackingTest - https://mxtms.mnx.com/
2024-06-12 09:47:27,408 [main] INFO TrackingTest - Entered UserName
2024-06-12 09:47:28,611 [main] INFO TrackingTest - Entered Password
2024-06-12 09:47:31,745 [main] INFO TrackingTest - Login done
2024-06-12 09:47:37,164 [main] INFO TrackingTest - Operation Log is not Opened
2024-06-12 09:47:38,579 [main] INFO TrackingTest - Click on Operations Tab
2024-06-12 09:48:17,657 [main] INFO TrackingTest - Click on OPerations Log
2024-06-12 09:48:18,466 [main] INFO TrackingTest - OrderID=11190950

2024-06-12 09:48:35,823 [main] INFO TrackingTest - Job is displayed in edit job
2024-06-12 09:48:43,728 [main] INFO TrackingTest - Select Order as a CANCELLED
2024-06-12 09:48:47,712 [main] INFO TrackingTest - Enter Cancel Note
2024-06-12 09:48:48,209 [main] INFO TrackingTest - Click on Save button
2024-06-12 09:48:53,794 [main] INFO TrackingTest - Message==(CANCELLED)
2024-06-12 09:48:53,795 [main] INFO TrackingTest - Order Cancelled
2024-06-12 09:49:01,880 [main] INFO TrackingTest - Click on Save button
2024-06-12 09:49:15,324 [main] INFO TrackingTest - Logout done
2024-06-12 09:49:22,115 [main] INFO TrackingTest - ====Sending Email=====
